<?xml version="1.0" encoding="UTF-8"?>
<testsuite xmlns:xsi="http://www.w3.org/2001/XMLSchema-instance" xsi:noNamespaceSchemaLocation="https://maven.apache.org/surefire/maven-surefire-plugin/xsd/surefire-test-report.xsd" name="com.example.CalculatorTest" time="0.001" tests="5" errors="0" skipped="0" failures="0">
  <properties>
    <property name="java.specification.version" value="24"/>
    <property name="sun.cpu.isalist" value="amd64"/>
    <property name="sun.jnu.encoding" value="Cp1252"/>
    <property name="java.class.path" value="C:\Users\stuti\OneDrive\Desktop\Cognizant_Digital_Nurture_JavaFSE\Engineering_Concepts\mockito\excercise1\demo\target\test-classes;C:\Users\stuti\OneDrive\Desktop\Cognizant_Digital_Nurture_JavaFSE\Engineering_Concepts\mockito\excercise1\demo\target\classes;C:\Users\stuti\.m2\repository\junit\junit\4.13.2\junit-4.13.2.jar;C:\Users\stuti\.m2\repository\org\hamcrest\hamcrest-core\1.3\hamcrest-core-1.3.jar;"/>
    <property name="java.vm.vendor" value="Oracle Corporation"/>
    <property name="sun.arch.data.model" value="64"/>
    <property name="user.variant" value=""/>
    <property name="java.vendor.url" value="https://java.oracle.com/"/>
    <property name="user.timezone" value="Asia/Calcutta"/>
    <property name="os.name" value="Windows 11"/>
    <property name="java.vm.specification.version" value="24"/>
    <property name="sun.java.launcher" value="SUN_STANDARD"/>
    <property name="user.country" value="IN"/>
    <property name="sun.boot.library.path" value="C:\Program Files\Java\jdk-24\bin"/>
    <property name="sun.java.command" value="C:\Users\stuti\AppData\Local\Temp\surefire3493376549127364812\surefirebooter11695945736687309258.jar C:\Users\stuti\AppData\Local\Temp\surefire3493376549127364812 2025-06-27T13-40-13_091-jvmRun1 surefire17967989985137382487tmp surefire_017152542764213054827tmp"/>
    <property name="jdk.debug" value="release"/>
    <property name="surefire.test.class.path" value="C:\Users\stuti\OneDrive\Desktop\Cognizant_Digital_Nurture_JavaFSE\Engineering_Concepts\mockito\excercise1\demo\target\test-classes;C:\Users\stuti\OneDrive\Desktop\Cognizant_Digital_Nurture_JavaFSE\Engineering_Concepts\mockito\excercise1\demo\target\classes;C:\Users\stuti\.m2\repository\junit\junit\4.13.2\junit-4.13.2.jar;C:\Users\stuti\.m2\repository\org\hamcrest\hamcrest-core\1.3\hamcrest-core-1.3.jar;"/>
    <property name="sun.cpu.endian" value="little"/>
    <property name="user.home" value="C:\Users\stuti"/>
    <property name="user.language" value="en"/>
    <property name="java.specification.vendor" value="Oracle Corporation"/>
    <property name="java.version.date" value="2025-04-15"/>
    <property name="java.home" value="C:\Program Files\Java\jdk-24"/>
    <property name="file.separator" value="\"/>
    <property name="basedir" value="C:\Users\stuti\OneDrive\Desktop\Cognizant_Digital_Nurture_JavaFSE\Engineering_Concepts\mockito\excercise1\demo"/>
    <property name="java.vm.compressedOopsMode" value="32-bit"/>
    <property name="line.separator" value="&#10;"/>
    <property name="java.vm.specification.vendor" value="Oracle Corporation"/>
    <property name="java.specification.name" value="Java Platform API Specification"/>
    <property name="surefire.real.class.path" value="C:\Users\stuti\AppData\Local\Temp\surefire3493376549127364812\surefirebooter11695945736687309258.jar"/>
    <property name="user.script" value=""/>
    <property name="sun.management.compiler" value="HotSpot 64-Bit Tiered Compilers"/>
    <property name="java.runtime.version" value="24.0.1+9-30"/>
    <property name="user.name" value="stuti"/>
    <property name="stdout.encoding" value="Cp1252"/>
    <property name="path.separator" value=";"/>
    <property name="os.version" value="10.0"/>
    <property name="java.runtime.name" value="Java(TM) SE Runtime Environment"/>
    <property name="file.encoding" value="UTF-8"/>
    <property name="java.vm.name" value="Java HotSpot(TM) 64-Bit Server VM"/>
    <property name="localRepository" value="C:\Users\stuti\.m2\repository"/>
    <property name="java.vendor.url.bug" value="https://bugreport.java.com/bugreport/"/>
    <property name="java.io.tmpdir" value="C:\Users\stuti\AppData\Local\Temp\"/>
    <property name="java.version" value="24.0.1"/>
    <property name="user.dir" value="C:\Users\stuti\OneDrive\Desktop\Cognizant_Digital_Nurture_JavaFSE\Engineering_Concepts\mockito\excercise1\demo"/>
    <property name="os.arch" value="amd64"/>
    <property name="java.vm.specification.name" value="Java Virtual Machine Specification"/>
    <property name="sun.os.patch.level" value=""/>
    <property name="native.encoding" value="Cp1252"/>
    <property name="java.library.path" value="C:\Program Files\Java\jdk-24\bin;C:\WINDOWS\Sun\Java\bin;C:\WINDOWS\system32;C:\WINDOWS;C:\Program Files\WindowsApps\Microsoft.PowerShell_7.5.2.0_x64__8wekyb3d8bbwe;C:\app\db_home\bin;C:\Program Files\Common Files\Oracle\Java\javapath;C:\Program Files\Python312\Scripts\;C:\Program Files\Python312\;C:\Program Files\Eclipse Adoptium\jdk-21.0.2.13-hotspot\bin;C:\WINDOWS\system32;C:\WINDOWS;C:\WINDOWS\System32\Wbem;C:\WINDOWS\System32\WindowsPowerShell\v1.0\;C:\WINDOWS\System32\OpenSSH\;C:\Program Files\dotnet\;C:\MinGW\bin;C:\Program Files\Git\cmd;C:\Program Files\Docker\Docker\resources\bin;C:\Program Files\Git LFS;C:\Program Files\PuTTY\;C:\Program Files\HP\HP One Agent;C:\Program Files\nodejs\;C:\WINDOWS\system32;C:\WINDOWS;C:\WINDOWS\System32\Wbem;C:\WINDOWS\System32\WindowsPowerShell\v1.0\;C:\WINDOWS\System32\OpenSSH\;C:\ffmpeg\bin;C:\Program Files\Java\jdk-24\bin;C:\Program Files\Java\jdk-24\bin;C:\Program Files\Java\jdk-24\bin;C:\Program Files\apache-maven-3.9.10-bin\apache-maven-3.9.10\bin;C:\altera\81\modelsim_ae\win32aloem;C:\Users\stuti\AppData\Local\Programs\Python\Python39\Scripts\;C:\Users\stuti\AppData\Local\Programs\Python\Python39\;C:\Users\stuti\scoop\shims;C:\Users\stuti\AppData\Local\Microsoft\WindowsApps;C:\Users\stuti\AppData\Local\Programs\Microsoft VS Code\bin;C:\Users\stuti\AppData\Local\GitHubDesktop\bin;C:\Program Files (x86)\Nmap;C:\Users\stuti\AppData\Roaming\npm;;C:\Program Files\JetBrains\IntelliJ IDEA 2025.1.2\bin;;c:\Users\stuti\AppData\Roaming\Code\User\globalStorage\github.copilot-chat\debugCommand;."/>
    <property name="java.vm.info" value="mixed mode, sharing"/>
    <property name="stderr.encoding" value="Cp1252"/>
    <property name="java.vendor" value="Oracle Corporation"/>
    <property name="java.vm.version" value="24.0.1+9-30"/>
    <property name="sun.io.unicode.encoding" value="UnicodeLittle"/>
    <property name="java.class.version" value="68.0"/>
  </properties>
  <testcase name="testDivideByZero" classname="com.example.CalculatorTest" time="0"/>
  <testcase name="testAdd" classname="com.example.CalculatorTest" time="0"/>
  <testcase name="testSubtract" classname="com.example.CalculatorTest" time="0"/>
  <testcase name="testDivide" classname="com.example.CalculatorTest" time="0"/>
  <testcase name="testMultiply" classname="com.example.CalculatorTest" time="0"/>
</testsuite>